d:\academic_study\video_encode_decode\jm8.6\bin\lencod.bsc
d:\academic_study\video_encode_decode\jm8.6\lencod\debug\vc142.pdb
d:\academic_study\video_encode_decode\jm8.6\lencod\debug\vc142.idb
d:\academic_study\video_encode_decode\jm8.6\lencod\debug\annexb.sbr
d:\academic_study\video_encode_decode\jm8.6\lencod\debug\biariencode.sbr
d:\academic_study\video_encode_decode\jm8.6\lencod\debug\block.sbr
d:\academic_study\video_encode_decode\jm8.6\lencod\debug\cabac.sbr
d:\academic_study\video_encode_decode\jm8.6\lencod\debug\configfile.sbr
d:\academic_study\video_encode_decode\jm8.6\lencod\debug\context_ini.sbr
d:\academic_study\video_encode_decode\jm8.6\lencod\debug\decoder.sbr
d:\academic_study\video_encode_decode\jm8.6\lencod\debug\fast_me.sbr
d:\academic_study\video_encode_decode\jm8.6\lencod\debug\filehandle.sbr
d:\academic_study\video_encode_decode\jm8.6\lencod\debug\fmo.sbr
d:\academic_study\video_encode_decode\jm8.6\lencod\debug\header.sbr
d:\academic_study\video_encode_decode\jm8.6\lencod\debug\image.sbr
d:\academic_study\video_encode_decode\jm8.6\lencod\debug\intrarefresh.sbr
d:\academic_study\video_encode_decode\jm8.6\lencod\debug\leaky_bucket.sbr
d:\academic_study\video_encode_decode\jm8.6\lencod\debug\lencod.sbr
d:\academic_study\video_encode_decode\jm8.6\lencod\debug\loopfilter.sbr
d:\academic_study\video_encode_decode\jm8.6\lencod\debug\macroblock.sbr
d:\academic_study\video_encode_decode\jm8.6\lencod\debug\mbuffer.sbr
d:\academic_study\video_encode_decode\jm8.6\lencod\debug\mb_access.sbr
d:\academic_study\video_encode_decode\jm8.6\lencod\debug\memalloc.sbr
d:\academic_study\video_encode_decode\jm8.6\lencod\debug\memalloc.obj
d:\academic_study\video_encode_decode\jm8.6\lencod\debug\mb_access.obj
d:\academic_study\video_encode_decode\jm8.6\lencod\debug\mbuffer.obj
d:\academic_study\video_encode_decode\jm8.6\lencod\debug\macroblock.obj
d:\academic_study\video_encode_decode\jm8.6\lencod\debug\loopfilter.obj
d:\academic_study\video_encode_decode\jm8.6\lencod\debug\lencod.obj
d:\academic_study\video_encode_decode\jm8.6\lencod\debug\leaky_bucket.obj
d:\academic_study\video_encode_decode\jm8.6\lencod\debug\intrarefresh.obj
d:\academic_study\video_encode_decode\jm8.6\lencod\debug\image.obj
d:\academic_study\video_encode_decode\jm8.6\lencod\debug\header.obj
d:\academic_study\video_encode_decode\jm8.6\lencod\debug\fmo.obj
d:\academic_study\video_encode_decode\jm8.6\lencod\debug\filehandle.obj
d:\academic_study\video_encode_decode\jm8.6\lencod\debug\fast_me.obj
d:\academic_study\video_encode_decode\jm8.6\lencod\debug\decoder.obj
d:\academic_study\video_encode_decode\jm8.6\lencod\debug\context_ini.obj
d:\academic_study\video_encode_decode\jm8.6\lencod\debug\configfile.obj
d:\academic_study\video_encode_decode\jm8.6\lencod\debug\cabac.obj
d:\academic_study\video_encode_decode\jm8.6\lencod\debug\block.obj
d:\academic_study\video_encode_decode\jm8.6\lencod\debug\biariencode.obj
d:\academic_study\video_encode_decode\jm8.6\lencod\debug\annexb.obj
d:\academic_study\video_encode_decode\jm8.6\lencod\debug\mv-search.sbr
d:\academic_study\video_encode_decode\jm8.6\lencod\debug\nal.sbr
d:\academic_study\video_encode_decode\jm8.6\lencod\debug\nalu.sbr
d:\academic_study\video_encode_decode\jm8.6\lencod\debug\nalucommon.sbr
d:\academic_study\video_encode_decode\jm8.6\lencod\debug\output.sbr
d:\academic_study\video_encode_decode\jm8.6\lencod\debug\parset.sbr
d:\academic_study\video_encode_decode\jm8.6\lencod\debug\parsetcommon.sbr
d:\academic_study\video_encode_decode\jm8.6\lencod\debug\ratectl.sbr
d:\academic_study\video_encode_decode\jm8.6\lencod\debug\rdopt.sbr
d:\academic_study\video_encode_decode\jm8.6\lencod\debug\rdopt_coding_state.sbr
d:\academic_study\video_encode_decode\jm8.6\lencod\debug\refbuf.sbr
d:\academic_study\video_encode_decode\jm8.6\lencod\debug\rtp.sbr
d:\academic_study\video_encode_decode\jm8.6\lencod\debug\sei.sbr
d:\academic_study\video_encode_decode\jm8.6\lencod\debug\slice.sbr
d:\academic_study\video_encode_decode\jm8.6\lencod\debug\vlc.sbr
d:\academic_study\video_encode_decode\jm8.6\lencod\debug\weighted_prediction.sbr
d:\academic_study\video_encode_decode\jm8.6\lencod\debug\weighted_prediction.obj
d:\academic_study\video_encode_decode\jm8.6\lencod\debug\vlc.obj
d:\academic_study\video_encode_decode\jm8.6\lencod\debug\slice.obj
d:\academic_study\video_encode_decode\jm8.6\lencod\debug\sei.obj
d:\academic_study\video_encode_decode\jm8.6\lencod\debug\rtp.obj
d:\academic_study\video_encode_decode\jm8.6\lencod\debug\refbuf.obj
d:\academic_study\video_encode_decode\jm8.6\lencod\debug\rdopt_coding_state.obj
d:\academic_study\video_encode_decode\jm8.6\lencod\debug\rdopt.obj
d:\academic_study\video_encode_decode\jm8.6\lencod\debug\ratectl.obj
d:\academic_study\video_encode_decode\jm8.6\lencod\debug\parsetcommon.obj
d:\academic_study\video_encode_decode\jm8.6\lencod\debug\parset.obj
d:\academic_study\video_encode_decode\jm8.6\lencod\debug\output.obj
d:\academic_study\video_encode_decode\jm8.6\lencod\debug\nalucommon.obj
d:\academic_study\video_encode_decode\jm8.6\lencod\debug\nalu.obj
d:\academic_study\video_encode_decode\jm8.6\lencod\debug\nal.obj
d:\academic_study\video_encode_decode\jm8.6\lencod\debug\mv-search.obj
d:\academic_study\video_encode_decode\jm8.6\lencod\debug\lencod.ilk
d:\academic_study\video_encode_decode\jm8.6\bin\lencod.exe
d:\academic_study\video_encode_decode\jm8.6\lencod\debug\lencod.pdb
d:\academic_study\video_encode_decode\jm8.6\lencod\debug\lencod.tlog\bscmake.command.1.tlog
d:\academic_study\video_encode_decode\jm8.6\lencod\debug\lencod.tlog\bscmake.read.1.tlog
d:\academic_study\video_encode_decode\jm8.6\lencod\debug\lencod.tlog\bscmake.write.1.tlog
d:\academic_study\video_encode_decode\jm8.6\lencod\debug\lencod.tlog\cl.command.1.tlog
d:\academic_study\video_encode_decode\jm8.6\lencod\debug\lencod.tlog\cl.read.1.tlog
d:\academic_study\video_encode_decode\jm8.6\lencod\debug\lencod.tlog\cl.write.1.tlog
d:\academic_study\video_encode_decode\jm8.6\lencod\debug\lencod.tlog\link.command.1.tlog
d:\academic_study\video_encode_decode\jm8.6\lencod\debug\lencod.tlog\link.read.1.tlog
d:\academic_study\video_encode_decode\jm8.6\lencod\debug\lencod.tlog\link.write.1.tlog
